app/build/outputs/logs/manifest-merger-debug-report.txt
-- Merging decision tree log ---
manifest
ADDED from src/main/AndroidManifest.xml:2:1-99:12
	package
		ADDED from src/main/AndroidManifest.xml:3:5-35
		INJECTED from src/main/AndroidManifest.xml
		INJECTED from src/main/AndroidManifest.xml
	android:versionName
		ADDED from src/main/AndroidManifest.xml:5:5-30
		INJECTED from src/main/AndroidManifest.xml
		INJECTED from src/main/AndroidManifest.xml
	android:versionCode
		ADDED from src/main/AndroidManifest.xml:4:5-28
		INJECTED from src/main/AndroidManifest.xml
		INJECTED from src/main/AndroidManifest.xml
	xmlns:android
		ADDED from src/main/AndroidManifest.xml:2:11-69
uses-sdk
ADDED from src/main/AndroidManifest.xml:7:5-9:41
	android:targetSdkVersion
		ADDED from src/main/AndroidManifest.xml:9:9-38
		INJECTED from src/main/AndroidManifest.xml
		INJECTED from src/main/AndroidManifest.xml
	android:minSdkVersion
		ADDED from src/main/AndroidManifest.xml:8:9-35
		INJECTED from src/main/AndroidManifest.xml
		INJECTED from src/main/AndroidManifest.xml
uses-permission#android.permission.INTERNET
ADDED from src/main/AndroidManifest.xml:11:5-67
	android:name
		ADDED from src/main/AndroidManifest.xml:11:22-64
uses-permission#android.permission.ACCESS_NETWORK_STATE
ADDED from src/main/AndroidManifest.xml:13:5-79
	android:name
		ADDED from src/main/AndroidManifest.xml:13:22-76
uses-permission#android.permission.WRITE_EXTERNAL_STORAGE
ADDED from src/main/AndroidManifest.xml:15:5-81
	android:name
		ADDED from src/main/AndroidManifest.xml:15:22-78
uses-permission#android.permission.ACCESS_WIFI_STATE
ADDED from src/main/AndroidManifest.xml:17:5-76
	android:name
		ADDED from src/main/AndroidManifest.xml:17:22-73
uses-permission#android.permission.CHANGE_WIFI_STATE
ADDED from src/main/AndroidManifest.xml:19:5-76
	android:name
		ADDED from src/main/AndroidManifest.xml:19:22-73
uses-permission#android.permission.CAMERA
ADDED from src/main/AndroidManifest.xml:20:5-65
	android:name
		ADDED from src/main/AndroidManifest.xml:20:22-62
uses-permission#android.permission.READ_PHONE_STATE
ADDED from src/main/AndroidManifest.xml:21:5-75
	android:name
		ADDED from src/main/AndroidManifest.xml:21:22-72
uses-permission#android.permission.SYSTEM_ALERT_WINDOW
ADDED from src/main/AndroidManifest.xml:22:5-78
	android:name
		ADDED from src/main/AndroidManifest.xml:22:22-75
uses-permission#android.permission.GET_TASKS
ADDED from src/main/AndroidManifest.xml:23:5-68
	android:name
		ADDED from src/main/AndroidManifest.xml:23:22-65
uses-feature#android.hardware.camera
ADDED from src/main/AndroidManifest.xml:25:5-60
	android:name
		ADDED from src/main/AndroidManifest.xml:25:19-57
uses-feature#android.hardware.camera.autofocus
ADDED from src/main/AndroidManifest.xml:26:5-70
	android:name
		ADDED from src/main/AndroidManifest.xml:26:19-67
uses-permission#android.permission.VIBRATE
ADDED from src/main/AndroidManifest.xml:28:5-66
	android:name
		ADDED from src/main/AndroidManifest.xml:28:22-63
uses-permission#android.permission.FLASHLIGHT
ADDED from src/main/AndroidManifest.xml:29:5-69
	android:name
		ADDED from src/main/AndroidManifest.xml:29:22-66
application
ADDED from src/main/AndroidManifest.xml:31:5-97:19
	android:label
		ADDED from src/main/AndroidManifest.xml:35:9-41
	android:allowBackup
		ADDED from src/main/AndroidManifest.xml:33:9-35
	android:icon
		ADDED from src/main/AndroidManifest.xml:34:9-38
	android:theme
		ADDED from src/main/AndroidManifest.xml:36:9-40
	android:name
		ADDED from src/main/AndroidManifest.xml:32:9-62
activity#com.suwen.wifitdcode.LoadingActivity
ADDED from src/main/AndroidManifest.xml:37:9-45:20
	android:label
		ADDED from src/main/AndroidManifest.xml:39:13-45
	android:name
		ADDED from src/main/AndroidManifest.xml:38:13-64
intent-filter#android.intent.action.MAIN+android.intent.category.LAUNCHER
ADDED from src/main/AndroidManifest.xml:40:13-44:29
action#android.intent.action.MAIN
ADDED from src/main/AndroidManifest.xml:41:17-69
	android:name
		ADDED from src/main/AndroidManifest.xml:41:25-66
category#android.intent.category.LAUNCHER
ADDED from src/main/AndroidManifest.xml:43:17-77
	android:name
		ADDED from src/main/AndroidManifest.xml:43:27-74
activity#com.suwen.wifitdcode.MainActivity
ADDED from src/main/AndroidManifest.xml:46:9-49:20
	android:screenOrientation
		ADDED from src/main/AndroidManifest.xml:48:13-49
	android:name
		ADDED from src/main/AndroidManifest.xml:47:13-61
activity#com.suwen.wifitdcode.MakeWifiTDcodeActivity
ADDED from src/main/AndroidManifest.xml:50:9-54:20
	android:screenOrientation
		ADDED from src/main/AndroidManifest.xml:53:13-49
	android:windowSoftInputMode
		ADDED from src/main/AndroidManifest.xml:52:13-54
	android:name
		ADDED from src/main/AndroidManifest.xml:51:13-71
activity#com.suwen.wifitdcode.MipcaActivityCapture
ADDED from src/main/AndroidManifest.xml:55:9-58:20
	android:screenOrientation
		ADDED from src/main/AndroidManifest.xml:57:13-49
	android:name
		ADDED from src/main/AndroidManifest.xml:56:13-69
activity#com.suwen.wifitdcode.SaveTDcodeActivity
ADDED from src/main/AndroidManifest.xml:59:9-62:20
	android:screenOrientation
		ADDED from src/main/AndroidManifest.xml:61:13-49
	android:name
		ADDED from src/main/AndroidManifest.xml:60:13-67
activity#net.youmi.android.AdBrowser
ADDED from src/main/AndroidManifest.xml:65:9-69:20
	android:configChanges
		ADDED from src/main/AndroidManifest.xml:67:13-83
	android:theme
		ADDED from src/main/AndroidManifest.xml:68:13-66
	android:name
		ADDED from src/main/AndroidManifest.xml:66:13-55
service#net.youmi.android.AdService
ADDED from src/main/AndroidManifest.xml:71:9-74:19
	android:exported
		ADDED from src/main/AndroidManifest.xml:73:13-37
	android:name
		ADDED from src/main/AndroidManifest.xml:72:13-55
service#net.youmi.android.ExpService
ADDED from src/main/AndroidManifest.xml:75:9-78:19
	android:exported
		ADDED from src/main/AndroidManifest.xml:77:13-37
	android:name
		ADDED from src/main/AndroidManifest.xml:76:13-56
receiver#net.youmi.android.AdReceiver
ADDED from src/main/AndroidManifest.xml:80:9-86:20
	android:name
		ADDED from src/main/AndroidManifest.xml:80:19-62
intent-filter#android.intent.action.PACKAGE_ADDED
ADDED from src/main/AndroidManifest.xml:81:13-85:29
action#android.intent.action.PACKAGE_ADDED
ADDED from src/main/AndroidManifest.xml:82:17-78
	android:name
		ADDED from src/main/AndroidManifest.xml:82:25-75
data
ADDED from src/main/AndroidManifest.xml:84:17-50
	android:scheme
		ADDED from src/main/AndroidManifest.xml:84:23-47
meta-data#UMENG_APPKEY
ADDED from src/main/AndroidManifest.xml:89:9-92:21
	android:value
		ADDED from src/main/AndroidManifest.xml:91:13-53
	android:name
		ADDED from src/main/AndroidManifest.xml:90:13-40
meta-data#UMENG_CHANNEL
ADDED from src/main/AndroidManifest.xml:93:9-96:21
	android:value
		ADDED from src/main/AndroidManifest.xml:95:13-34
	android:name
		ADDED from src/main/AndroidManifest.xml:94:13-41